=====================================
FHI AGENT SWARM WAVE 7
ORCHESTRATION FOUNDATION
=====================================
Creating agent base class
Creating agent registry
Creating task queue
Creating workflow router
Creating monitoring layer
Initializing swarm storage
Creating default swarm map
Running swarm tests
Agent registry passed
Router passed
[master 6b5408a] FHI Agent Swarm Wave 7 Orchestration
 4 files changed, 142 insertions(+)
 create mode 100755 FHI_MASTER_DEPLOYMENT_ORCHESTRATOR.sh
 create mode 100644 backups/FHI_backup_20260722_080002.tar.gz
 create mode 100644 logs/master_20260722_080002.log
=====================================
AGENT SWARM WAVE 7 COMPLETE
=====================================
=====================================
FHI AI CLONE FACTORY WAVE 8
WHITE LABEL AI FOUNDATION
=====================================
Creating AI clone model
Creating tenant isolation
Creating industry templates
Creating product catalog
Creating demo generator
Creating data files
Testing clone factory
Clone factory test passed
Testing templates
Industry templates passed
[master ed49414] FHI AI Clone Factory Wave 8
 3 files changed, 92 insertions(+)
=====================================
WAVE 8 COMPLETE
=====================================
=====================================
FHI AI CLONE MARKETPLACE WAVE 9
PRODUCTIZATION + REVENUE FOUNDATION
=====================================
Creating AI product catalog
Creating pricing engine
Creating order system
Creating revenue tracker
Creating marketplace products
Creating revenue database
Running marketplace tests
Marketplace passed
Revenue tracker passed
[master 684dfbb] FHI AI Clone Marketplace Wave 9
 3 files changed, 79 insertions(+)
=====================================
WAVE 9 COMPLETE
=====================================
=====================================
FHI PRIMEDOX CORE WAVE 10
DOCUMENT INTELLIGENCE FOUNDATION
=====================================
Creating document engine
Creating template engine
Creating knowledge vault
Creating customer separation layer
Creating workflow engine
Initializing storage
Creating starter templates
Running tests
Document engine passed
Knowledge vault passed
[master a8f300a] FHI PrimeDox Intelligence Core Wave 10
 2 files changed, 35 insertions(+)
=====================================
PRIMEDOX WAVE 10 COMPLETE
=====================================
=====================================
FHI PRODUCTION STABILIZER WAVE 11
QUALITY CONTROL + SYSTEM HEALTH
=====================================
Creating system inventory
Checking empty files
Checking git status
Creating link scanner
Creating deployment checklist
Creating health report
[master 416e418] FHI Production Stabilizer Wave 11
 5 files changed, 46 insertions(+), 8 deletions(-)
=====================================
WAVE 11 COMPLETE
=====================================
=====================================
FHI OMNIGUARD WAVE 12
SECURITY + GOVERNANCE FOUNDATION
=====================================
Creating permission engine
Creating audit logger
Creating agent monitor
Creating security policies
Creating logs
Running tests
Permission system passed
Agent monitoring passed
[master 68d8bc3] FHI OmniGuard Governance Wave 12
 1 file changed, 17 insertions(+)
=====================================
OMNIGUARD WAVE 12 COMPLETE
=====================================
=====================================
FHI GAP HUNTER WAVE 13
OPPORTUNITY INTELLIGENCE FOUNDATION
=====================================
Creating opportunity model
Creating scoring engine
Creating industry library
Creating report generator
Creating demo access layer
Creating data storage
Running tests
Opportunity model passed
Traceback (most recent call last):
  File "<stdin>", line 1, in <module>
ModuleNotFoundError: No module named 'src.gaphunter.scoring.engine'; 'src.gaphunter.scoring' is not a package
